<?xml version='1.0' encoding='UTF-8' ?>
<testsuite name="lk.ac.mrt.cse.dbs.simpleexpensemanager.ApplicationTest" tests="3" failures="0" errors="0" skipped="0" time="0.542" timestamp="2022-05-11T08:59:01" hostname="localhost">
  <properties>
    <property name="device" value="Pixel_5_API_30(AVD) - 11" />
    <property name="flavor" value="" />
    <property name="project" value="app" />
  </properties>
  <testcase name="testAddAccount" classname="lk.ac.mrt.cse.dbs.simpleexpensemanager.ApplicationTest" time="0.013" />
  <testcase name="testUpdateBalance" classname="lk.ac.mrt.cse.dbs.simpleexpensemanager.ApplicationTest" time="0.001" />
  <testcase name="testLogTransaction" classname="lk.ac.mrt.cse.dbs.simpleexpensemanager.ApplicationTest" time="0.021" />
</testsuite>